<?xml version="1.0" encoding="UTF-8"?>
<testsuite xmlns:xsi="http://www.w3.org/2001/XMLSchema-instance" xsi:noNamespaceSchemaLocation="https://maven.apache.org/surefire/maven-surefire-plugin/xsd/surefire-test-report-3.0.xsd" version="3.0" name="com.farao_community.farao.gridcapa.export.GridcapaExportServiceTest" time="2.275" tests="2" errors="0" skipped="0" failures="0">
  <properties>
[...]
</properties>
  <testcase name="checkFileNameRetrievedCorrectlyFromHeader" classname="com.farao_community.farao.gridcapa.export.GridcapaExportServiceTest" time="0.048">
    <system-out><![CDATA[2022-04-28 13:42:37.947  INFO 5274 --- [           main] .b.t.c.SpringBootTestContextBootstrapper : Neither @ContextConfiguration nor @ContextHierarchy found for test class [com.farao_community.farao.gridcapa.export.GridcapaExportServiceTest], using SpringBootContextLoader
2022-04-28 13:42:37.952  INFO 5274 --- [           main] o.s.t.c.support.AbstractContextLoader    : Could not detect default resource locations for test class [com.farao_community.farao.gridcapa.export.GridcapaExportServiceTest]: no resource found for suffixes {-context.xml, Context.groovy}.
2022-04-28 13:42:37.954  INFO 5274 --- [           main] t.c.s.AnnotationConfigContextLoaderUtils : Could not detect default configuration classes for test class [com.farao_community.farao.gridcapa.export.GridcapaExportServiceTest]: GridcapaExportServiceTest does not declare any static, non-private, non-final, nested classes annotated with @Configuration.
2022-04-28 13:42:37.965  INFO 5274 --- [           main] .b.t.c.SpringBootTestContextBootstrapper : Found @SpringBootConfiguration com.farao_community.farao.gridcapa.export.GridcapaExportApplication for test class com.farao_community.farao.gridcapa.export.GridcapaExportServiceTest
2022-04-28 13:42:37.969  INFO 5274 --- [           main] .b.t.c.SpringBootTestContextBootstrapper : Loaded default TestExecutionListener class names from location [META-INF/spring.factories]: [org.springframework.boot.test.mock.mockito.MockitoTestExecutionListener, org.springframework.boot.test.mock.mockito.ResetMocksTestExecutionListener, org.springframework.boot.test.autoconfigure.restdocs.RestDocsTestExecutionListener, org.springframework.boot.test.autoconfigure.web.client.MockRestServiceServerResetTestExecutionListener, org.springframework.boot.test.autoconfigure.web.servlet.MockMvcPrintOnlyOnFailureTestExecutionListener, org.springframework.boot.test.autoconfigure.web.servlet.WebDriverTestExecutionListener, org.springframework.boot.test.autoconfigure.webservices.client.MockWebServiceServerTestExecutionListener, org.springframework.test.context.web.ServletTestExecutionListener, org.springframework.test.context.support.DirtiesContextBeforeModesTestExecutionListener, org.springframework.test.context.event.ApplicationEventsTestExecutionListener, org.springframework.test.context.support.DependencyInjectionTestExecutionListener, org.springframework.test.context.support.DirtiesContextTestExecutionListener, org.springframework.test.context.transaction.TransactionalTestExecutionListener, org.springframework.test.context.jdbc.SqlScriptsTestExecutionListener, org.springframework.test.context.event.EventPublishingTestExecutionListener]
2022-04-28 13:42:37.970  INFO 5274 --- [           main] .b.t.c.SpringBootTestContextBootstrapper : Using TestExecutionListeners: [org.springframework.test.context.web.ServletTestExecutionListener@763e50f3, org.springframework.test.context.support.DirtiesContextBeforeModesTestExecutionListener@4954fc31, org.springframework.test.context.event.ApplicationEventsTestExecutionListener@769a7e17, org.springframework.boot.test.mock.mockito.MockitoTestExecutionListener@3905ec57, org.springframework.boot.test.autoconfigure.SpringBootDependencyInjectionTestExecutionListener@3d389a4c, org.springframework.test.context.support.DirtiesContextTestExecutionListener@53e34cae, org.springframework.test.context.transaction.TransactionalTestExecutionListener@76acfa03, org.springframework.test.context.jdbc.SqlScriptsTestExecutionListener@60ddd7d5, org.springframework.test.context.event.EventPublishingTestExecutionListener@194edb78, org.springframework.boot.test.mock.mockito.ResetMocksTestExecutionListener@500172c3, org.springframework.boot.test.autoconfigure.restdocs.RestDocsTestExecutionListener@41ece622, org.springframework.boot.test.autoconfigure.web.client.MockRestServiceServerResetTestExecutionListener@4f81e2b5, org.springframework.boot.test.autoconfigure.web.servlet.MockMvcPrintOnlyOnFailureTestExecutionListener@20fb7526, org.springframework.boot.test.autoconfigure.web.servlet.WebDriverTestExecutionListener@7b378c90, org.springframework.boot.test.autoconfigure.webservices.client.MockWebServiceServerTestExecutionListener@5d4ca822]

  .   ____          _            __ _ _
 /\\ / ___'_ __ _ _(_)_ __  __ _ \ \ \ \
( ( )\___ | '_ | '_| | '_ \/ _` | \ \ \ \
 \\/  ___)| |_)| | | | | || (_| |  ) ) ) )
  '  |____| .__|_| |_|_| |_\__, | / / / /
 =========|_|==============|___/=/_/_/_/
 :: Spring Boot ::                (v2.6.2)

2022-04-28 13:42:38.037  INFO 5274 --- [           main] c.f.f.g.e.GridcapaExportServiceTest      : Starting GridcapaExportServiceTest using Java 11.0.15 on fv-az167-553 with PID 5274 (started by runner in /home/runner/work/gridcapa-export/gridcapa-export)
2022-04-28 13:42:38.037  INFO 5274 --- [           main] c.f.f.g.e.GridcapaExportServiceTest      : No active profile set, falling back to default profiles: default
2022-04-28 13:42:38.400  INFO 5274 --- [           main] faultConfiguringBeanFactoryPostProcessor : No bean named 'errorChannel' has been explicitly defined. Therefore, a default PublishSubscribeChannel will be created.
2022-04-28 13:42:38.400  INFO 5274 --- [           main] faultConfiguringBeanFactoryPostProcessor : No bean named 'integrationHeaderChannelRegistry' has been explicitly defined. Therefore, a default DefaultHeaderChannelRegistry will be created.
2022-04-28 13:42:39.057  INFO 5274 --- [           main] trationDelegate$BeanPostProcessorChecker : Bean 'org.springframework.cloud.stream.config.BindersHealthIndicatorAutoConfiguration' of type [org.springframework.cloud.stream.config.BindersHealthIndicatorAutoConfiguration] is not eligible for getting processed by all BeanPostProcessors (for example: not eligible for auto-proxying)
2022-04-28 13:42:39.084  INFO 5274 --- [           main] trationDelegate$BeanPostProcessorChecker : Bean 'bindersHealthContributor' of type [org.springframework.cloud.stream.config.BindersHealthIndicatorAutoConfiguration$BindersHealthContributor] is not eligible for getting processed by all BeanPostProcessors (for example: not eligible for auto-proxying)
2022-04-28 13:42:39.086  INFO 5274 --- [           main] trationDelegate$BeanPostProcessorChecker : Bean 'bindersHealthIndicatorListener' of type [org.springframework.cloud.stream.config.BindersHealthIndicatorAutoConfiguration$BindersHealthIndicatorListener] is not eligible for getting processed by all BeanPostProcessors (for example: not eligible for auto-proxying)
2022-04-28 13:42:39.092  INFO 5274 --- [           main] trationDelegate$BeanPostProcessorChecker : Bean 'org.springframework.integration.config.IntegrationManagementConfiguration' of type [org.springframework.integration.config.IntegrationManagementConfiguration] is not eligible for getting processed by all BeanPostProcessors (for example: not eligible for auto-proxying)
2022-04-28 13:42:39.097  INFO 5274 --- [           main] trationDelegate$BeanPostProcessorChecker : Bean 'integrationChannelResolver' of type [org.springframework.integration.support.channel.BeanFactoryChannelResolver] is not eligible for getting processed by all BeanPostProcessors (for example: not eligible for auto-proxying)
2022-04-28 13:42:39.646  INFO 5274 --- [           main] o.s.c.s.m.DirectWithAttributesChannel    : Channel 'application.consumeTaskDtoUpdate-in-0' has 1 subscriber(s).
2022-04-28 13:42:39.747  INFO 5274 --- [           main] o.s.b.a.e.web.EndpointLinksResolver      : Exposing 1 endpoint(s) beneath base path '/actuator'
2022-04-28 13:42:39.895  INFO 5274 --- [           main] o.s.i.endpoint.EventDrivenConsumer       : Adding {logging-channel-adapter:_org.springframework.integration.errorLogger} as a subscriber to the 'errorChannel' channel
2022-04-28 13:42:39.896  INFO 5274 --- [           main] o.s.i.channel.PublishSubscribeChannel    : Channel 'application.errorChannel' has 1 subscriber(s).
2022-04-28 13:42:39.896  INFO 5274 --- [           main] o.s.i.endpoint.EventDrivenConsumer       : started bean '_org.springframework.integration.errorLogger'
2022-04-28 13:42:39.897  INFO 5274 --- [           main] o.s.c.s.binder.DefaultBinderFactory      : Creating binder: rabbit
2022-04-28 13:42:39.936  INFO 5274 --- [           main] o.s.c.s.binder.DefaultBinderFactory      : Caching the binder: rabbit
2022-04-28 13:42:39.936  INFO 5274 --- [           main] o.s.c.s.binder.DefaultBinderFactory      : Retrieving cached binder: rabbit
2022-04-28 13:42:40.064  INFO 5274 --- [           main] c.s.b.r.p.RabbitExchangeQueueProvisioner : declaring queue for inbound: cse-idcc-task-updated.cse-idcc-outputs, bound to: cse-idcc-task-updated
2022-04-28 13:42:40.064  INFO 5274 --- [           main] o.s.a.r.c.CachingConnectionFactory       : Attempting to connect to: [rabbitmq:5672]
2022-04-28 13:42:40.064  INFO 5274 --- [           main] o.s.a.r.c.CachingConnectionFactory       : Attempting to connect to: [rabbitmq:5672]
2022-04-28 13:42:40.065  INFO 5274 --- [           main] o.s.a.r.c.CachingConnectionFactory       : Attempting to connect to: [rabbitmq:5672]
2022-04-28 13:42:40.065  INFO 5274 --- [           main] o.s.a.r.c.CachingConnectionFactory       : Attempting to connect to: [rabbitmq:5672]
2022-04-28 13:42:40.065  INFO 5274 --- [           main] o.s.a.r.c.CachingConnectionFactory       : Attempting to connect to: [rabbitmq:5672]
2022-04-28 13:42:40.065  INFO 5274 --- [           main] o.s.a.r.c.CachingConnectionFactory       : Attempting to connect to: [rabbitmq:5672]
2022-04-28 13:42:40.065  INFO 5274 --- [           main] o.s.a.r.c.CachingConnectionFactory       : Attempting to connect to: [rabbitmq:5672]
2022-04-28 13:42:40.066  INFO 5274 --- [           main] o.s.c.stream.binder.BinderErrorChannel   : Channel 'cse-idcc-task-updated.cse-idcc-outputs.errors' has 1 subscriber(s).
2022-04-28 13:42:40.066  INFO 5274 --- [           main] o.s.c.stream.binder.BinderErrorChannel   : Channel 'cse-idcc-task-updated.cse-idcc-outputs.errors' has 2 subscriber(s).
2022-04-28 13:42:40.066  INFO 5274 --- [           main] o.s.a.r.c.CachingConnectionFactory       : Attempting to connect to: [rabbitmq:5672]
2022-04-28 13:42:40.066  INFO 5274 --- [           main] o.s.a.r.l.SimpleMessageListenerContainer : Broker not available; cannot force queue declarations during start: java.net.UnknownHostException: rabbitmq
2022-04-28 13:42:40.067  INFO 5274 --- [-idcc-outputs-1] o.s.a.r.c.CachingConnectionFactory       : Attempting to connect to: [rabbitmq:5672]
2022-04-28 13:42:40.068  INFO 5274 --- [           main] o.s.i.a.i.AmqpInboundChannelAdapter      : started bean 'inbound.cse-idcc-task-updated.cse-idcc-outputs'
2022-04-28 13:42:40.076  INFO 5274 --- [           main] c.f.f.g.e.GridcapaExportServiceTest      : Started GridcapaExportServiceTest in 2.096 seconds (JVM running for 12.981)
]]></system-out>
  </testcase>
  <testcase name="checkTaskManagerCall" classname="com.farao_community.farao.gridcapa.export.GridcapaExportServiceTest" time="0.078">
    <system-out><![CDATA[2022-04-28 13:42:40.175  INFO 5274 --- [           main] c.f.f.g.export.GridcapaExportService     : task success event received: task id: 1fdda469-53e9-4d63-a533-b935cffdd2f6 , timestamp: 2022-04-27T10:10Z
]]></system-out>
  </testcase>
</testsuite>